2020-12-16 09:24:31 banklogger [DEBUG] Server Started
2020-12-16 09:25:04 banklogger [INFO] User Id: 2 Logged in
2020-12-16 09:25:26 banklogger [INFO] User Id: 2 checked balance of account 151
2020-12-16 09:25:35 banklogger [INFO] User Id: 2 checked balance of account 151
2020-12-16 09:25:48 banklogger [INFO] User Id: 2 checked balance of account 151
2020-12-16 09:26:07 banklogger [DEBUG] User Id: 2 made a withdrawal in account 151
2020-12-16 09:26:11 banklogger [INFO] User Id: 2 checked balance of account 151
2020-12-16 09:26:21 banklogger [INFO] User Id: 2 made a valid deposit in account 151
2020-12-16 09:26:26 banklogger [INFO] User Id: 2 checked balance of account 151
2020-12-16 09:26:42 banklogger [INFO] User Id: 2 checked balance of account 154
2020-12-16 09:26:47 banklogger [INFO] User Id: 2 checked balance of account 154
2020-12-16 09:27:10 banklogger [DEBUG] User Id: 2 attempted an invalid withdrawal in account 154
2020-12-16 09:27:15 banklogger [DEBUG] User Id: 2 attempted an invalid withdrawal in account 154
2020-12-16 09:27:20 banklogger [DEBUG] User Id: 2 made a withdrawal in account 154
2020-12-16 09:27:22 banklogger [INFO] User Id: 2 checked balance of account 154
2020-12-16 09:27:29 banklogger [DEBUG] User Id: 2 attempted an invalid withdrawal in account 154
2020-12-16 09:27:36 banklogger [DEBUG] User Id: 2 made a withdrawal in account 154
2020-12-16 09:27:42 banklogger [INFO] User Id: 2 attempted an invalid deposit in account 154
2020-12-16 09:27:46 banklogger [INFO] User Id: 2 made a valid deposit in account 154
2020-12-16 09:27:50 banklogger [INFO] User Id: 2 checked balance of account 154
2020-12-16 09:28:24 banklogger [DEBUG] User Id: 2 made a withdrawal in account 154
2020-12-16 09:28:24 banklogger [INFO] User Id: 2 sent valid money transfer
2020-12-16 09:28:32 banklogger [INFO] User Id: 2 Logged out
2020-12-16 09:28:47 banklogger [INFO] User Id: 3 Logged in
2020-12-16 09:28:55 banklogger [INFO] User Id: 3 checked balance of account 177
2020-12-16 09:28:58 banklogger [INFO] User Id: 3 checked balance of account 177
2020-12-16 09:29:00 banklogger [INFO] User Id: 3 checked balance of account 177
2020-12-16 09:29:13 banklogger [INFO] User Id: 3 made a valid deposit in account 177
2020-12-16 09:29:13 banklogger [INFO] User Id: 3 accepted money transfer
2020-12-16 09:29:16 banklogger [INFO] User Id: 3 checked balance of account 177
2020-12-16 09:30:13 banklogger [INFO] User Id: 3 Logged out
2020-12-16 09:30:34 banklogger [INFO] User Id: 2 Logged in
2020-12-16 09:31:27 banklogger [DEBUG] New customer application submitted
2020-12-16 09:31:43 banklogger [INFO] User Id: 1 Logged in
2020-12-16 09:32:04 banklogger [ERROR] Catching
org.postgresql.util.PSQLException: ERROR: insert or update on table "account" violates foreign key constraint "account_user_id_fkey"
  Detail: Key (user_id)=(0) is not present in table "user".
	at org.postgresql.core.v3.QueryExecutorImpl.receiveErrorResponse(QueryExecutorImpl.java:2553) ~[postgresql-42.2.18.jar:42.2.18]
	at org.postgresql.core.v3.QueryExecutorImpl.processResults(QueryExecutorImpl.java:2285) ~[postgresql-42.2.18.jar:42.2.18]
	at org.postgresql.core.v3.QueryExecutorImpl.execute(QueryExecutorImpl.java:323) ~[postgresql-42.2.18.jar:42.2.18]
	at org.postgresql.jdbc.PgStatement.executeInternal(PgStatement.java:473) ~[postgresql-42.2.18.jar:42.2.18]
	at org.postgresql.jdbc.PgStatement.execute(PgStatement.java:393) ~[postgresql-42.2.18.jar:42.2.18]
	at org.postgresql.jdbc.PgPreparedStatement.executeWithFlags(PgPreparedStatement.java:164) ~[postgresql-42.2.18.jar:42.2.18]
	at org.postgresql.jdbc.PgPreparedStatement.executeUpdate(PgPreparedStatement.java:130) ~[postgresql-42.2.18.jar:42.2.18]
	at com.revature.repositories.AccountDAO.createAccount(AccountDAO.java:36) [classes/:?]
	at com.revature.service.EmployeeService.approveApplication(EmployeeService.java:36) [classes/:?]
	at com.revature.menus.EmployeeMenu.approveApplication(EmployeeMenu.java:120) [classes/:?]
	at com.revature.menus.EmployeeMenu.retrieveApplication(EmployeeMenu.java:108) [classes/:?]
	at com.revature.menus.EmployeeMenu.checkApplications(EmployeeMenu.java:54) [classes/:?]
	at com.revature.menus.EmployeeMenu.navigateMenu(EmployeeMenu.java:83) [classes/:?]
	at com.revature.launcher.BankAppLauncher.main(BankAppLauncher.java:24) [classes/:?]
2020-12-16 09:32:04 banklogger [ERROR] Internal error occured in the database
2020-12-16 09:32:04 banklogger [DEBUG] Employee Id: 1 approved new application
2020-12-16 09:32:58 banklogger [INFO] User Id: 1 Logged out
